# JRE version: Java(TM) SE Runtime Environment (8.0_112-b15) (build 1.8.0_112-b15)
# Java VM: Java HotSpot(TM) 64-Bit Server VM (25.112-b15 mixed mode linux-amd64 compressed oops)
Heap:
 PSYoungGen      total 660992K, used 41440K [0x000000076c380000, 0x0000000797880000, 0x00000007c0000000)
  eden space 619520K, 0% used [0x000000076c380000,0x000000076c380000,0x0000000792080000)
  from space 41472K, 99% used [0x0000000792080000,0x00000007948f8040,0x0000000794900000)
  to   space 40960K, 0% used [0x0000000794900000,0x0000000794900000,0x0000000797100000)
 ParOldGen       total 137216K, used 97180K [0x00000006c4a00000, 0x00000006cd000000, 0x000000076c380000)
  object space 137216K, 70% used [0x00000006c4a00000,0x00000006ca8e7100,0x00000006cd000000)
 Metaspace       used 28504K, capacity 29310K, committed 29696K, reserved 1075200K
  class space    used 3196K, capacity 3457K, committed 3584K, reserved 1048576K
GC Heap History (10 events):
Event: 44.316 GC heap after
Heap after GC invocations=11 (full 1):
 PSYoungGen      total 318976K, used 4344K [0x000000076c380000, 0x0000000782680000, 0x00000007c0000000)
  eden space 275456K, 0% used [0x000000076c380000,0x000000076c380000,0x000000077d080000)
  from space 43520K, 9% used [0x000000077fa80000,0x000000077febe070,0x0000000782500000)
  to   space 43008K, 0% used [0x000000077d080000,0x000000077d080000,0x000000077fa80000)
 ParOldGen       total 137216K, used 63215K [0x00000006c4a00000, 0x00000006cd000000, 0x000000076c380000)
  object space 137216K, 46% used [0x00000006c4a00000,0x00000006c87bbd08,0x00000006cd000000)
 Metaspace       used 28042K, capacity 28862K, committed 29184K, reserved 1075200K
  class space    used 3173K, capacity 3457K, committed 3584K, reserved 1048576K
}
Event: 44.997 GC heap before
{Heap before GC invocations=12 (full 1):
 PSYoungGen      total 318976K, used 279800K [0x000000076c380000, 0x0000000782680000, 0x00000007c0000000)
  eden space 275456K, 100% used [0x000000076c380000,0x000000077d080000,0x000000077d080000)
  from space 43520K, 9% used [0x000000077fa80000,0x000000077febe070,0x0000000782500000)
  to   space 43008K, 0% used [0x000000077d080000,0x000000077d080000,0x000000077fa80000)
 ParOldGen       total 137216K, used 63215K [0x00000006c4a00000, 0x00000006cd000000, 0x000000076c380000)
  object space 137216K, 46% used [0x00000006c4a00000,0x00000006c87bbd08,0x00000006cd000000)
 Metaspace       used 28045K, capacity 28862K, committed 29184K, reserved 1075200K
  class space    used 3173K, capacity 3457K, committed 3584K, reserved 1048576K
Event: 45.046 GC heap after
Heap after GC invocations=12 (full 1):
 PSYoungGen      total 318464K, used 2852K [0x000000076c380000, 0x000000078ad00000, 0x00000007c0000000)
  eden space 275456K, 0% used [0x000000076c380000,0x000000076c380000,0x000000077d080000)
  from space 43008K, 6% used [0x000000077d080000,0x000000077d349288,0x000000077fa80000)
  to   space 43008K, 0% used [0x0000000788300000,0x0000000788300000,0x000000078ad00000)
 ParOldGen       total 137216K, used 66859K [0x00000006c4a00000, 0x00000006cd000000, 0x000000076c380000)
  object space 137216K, 48% used [0x00000006c4a00000,0x00000006c8b4ad18,0x00000006cd000000)
 Metaspace       used 28045K, capacity 28862K, committed 29184K, reserved 1075200K
  class space    used 3173K, capacity 3457K, committed 3584K, reserved 1048576K
}
Event: 45.646 GC heap before
{Heap before GC invocations=13 (full 1):
 PSYoungGen      total 318464K, used 278308K [0x000000076c380000, 0x000000078ad00000, 0x00000007c0000000)
  eden space 275456K, 100% used [0x000000076c380000,0x000000077d080000,0x000000077d080000)
  from space 43008K, 6% used [0x000000077d080000,0x000000077d349288,0x000000077fa80000)
  to   space 43008K, 0% used [0x0000000788300000,0x0000000788300000,0x000000078ad00000)
 ParOldGen       total 137216K, used 66859K [0x00000006c4a00000, 0x00000006cd000000, 0x000000076c380000)
  object space 137216K, 48% used [0x00000006c4a00000,0x00000006c8b4ad18,0x00000006cd000000)
 Metaspace       used 28057K, capacity 28862K, committed 29184K, reserved 1075200K
  class space    used 3173K, capacity 3457K, committed 3584K, reserved 1048576K
Event: 45.682 GC heap after
Heap after GC invocations=13 (full 1):
 PSYoungGen      total 456192K, used 1856K [0x000000076c380000, 0x000000078ab80000, 0x00000007c0000000)
  eden space 414720K, 0% used [0x000000076c380000,0x000000076c380000,0x0000000785880000)
  from space 41472K, 4% used [0x0000000788300000,0x00000007884d0010,0x000000078ab80000)
  to   space 42496K, 0% used [0x0000000785880000,0x0000000785880000,0x0000000788200000)
 ParOldGen       total 137216K, used 68563K [0x00000006c4a00000, 0x00000006cd000000, 0x000000076c380000)
  object space 137216K, 49% used [0x00000006c4a00000,0x00000006c8cf4d18,0x00000006cd000000)
 Metaspace       used 28057K, capacity 28862K, committed 29184K, reserved 1075200K
  class space    used 3173K, capacity 3457K, committed 3584K, reserved 1048576K
}
Event: 49.257 GC heap before
{Heap before GC invocations=14 (full 1):
 PSYoungGen      total 456192K, used 416576K [0x000000076c380000, 0x000000078ab80000, 0x00000007c0000000)
  eden space 414720K, 100% used [0x000000076c380000,0x0000000785880000,0x0000000785880000)
  from space 41472K, 4% used [0x0000000788300000,0x00000007884d0010,0x000000078ab80000)
  to   space 42496K, 0% used [0x0000000785880000,0x0000000785880000,0x0000000788200000)
 ParOldGen       total 137216K, used 68563K [0x00000006c4a00000, 0x00000006cd000000, 0x000000076c380000)
  object space 137216K, 49% used [0x00000006c4a00000,0x00000006c8cf4d18,0x00000006cd000000)
 Metaspace       used 28502K, capacity 29310K, committed 29696K, reserved 1075200K
  class space    used 3196K, capacity 3457K, committed 3584K, reserved 1048576K
Event: 49.361 GC heap after
Heap after GC invocations=14 (full 1):
 PSYoungGen      total 457216K, used 17375K [0x000000076c380000, 0x0000000797100000, 0x00000007c0000000)
  eden space 414720K, 0% used [0x000000076c380000,0x000000076c380000,0x0000000785880000)
  from space 42496K, 40% used [0x0000000785880000,0x0000000786977d78,0x0000000788200000)
  to   space 40960K, 0% used [0x0000000794900000,0x0000000794900000,0x0000000797100000)
 ParOldGen       total 137216K, used 69979K [0x00000006c4a00000, 0x00000006cd000000, 0x000000076c380000)
  object space 137216K, 50% used [0x00000006c4a00000,0x00000006c8e56d28,0x00000006cd000000)
 Metaspace       used 28502K, capacity 29310K, committed 29696K, reserved 1075200K
  class space    used 3196K, capacity 3457K, committed 3584K, reserved 1048576K
}
Event: 64.161 GC heap before
{Heap before GC invocations=15 (full 1):
 PSYoungGen      total 457216K, used 432095K [0x000000076c380000, 0x0000000797100000, 0x00000007c0000000)
  eden space 414720K, 100% used [0x000000076c380000,0x0000000785880000,0x0000000785880000)
  from space 42496K, 40% used [0x0000000785880000,0x0000000786977d78,0x0000000788200000)
  to   space 40960K, 0% used [0x0000000794900000,0x0000000794900000,0x0000000797100000)
 ParOldGen       total 137216K, used 69979K [0x00000006c4a00000, 0x00000006cd000000, 0x000000076c380000)
  object space 137216K, 50% used [0x00000006c4a00000,0x00000006c8e56d28,0x00000006cd000000)
 Metaspace       used 28504K, capacity 29310K, committed 29696K, reserved 1075200K
  class space    used 3196K, capacity 3457K, committed 3584K, reserved 1048576K
Event: 65.579 GC heap after
Heap after GC invocations=15 (full 1):
 PSYoungGen      total 660480K, used 23052K [0x000000076c380000, 0x0000000797880000, 0x00000007c0000000)
  eden space 619520K, 0% used [0x000000076c380000,0x000000076c380000,0x0000000792080000)
  from space 40960K, 56% used [0x0000000794900000,0x0000000795f83000,0x0000000797100000)
  to   space 41472K, 0% used [0x0000000792080000,0x0000000792080000,0x0000000794900000)
 ParOldGen       total 137216K, used 72883K [0x00000006c4a00000, 0x00000006cd000000, 0x000000076c380000)
  object space 137216K, 53% used [0x00000006c4a00000,0x00000006c912cd38,0x00000006cd000000)
 Metaspace       used 28504K, capacity 29310K, committed 29696K, reserved 1075200K
  class space    used 3196K, capacity 3457K, committed 3584K, reserved 1048576K
}
Event: 89.078 GC heap before
{Heap before GC invocations=16 (full 1):
 PSYoungGen      total 660480K, used 642572K [0x000000076c380000, 0x0000000797880000, 0x00000007c0000000)
  eden space 619520K, 100% used [0x000000076c380000,0x0000000792080000,0x0000000792080000)
  from space 40960K, 56% used [0x0000000794900000,0x0000000795f83000,0x0000000797100000)
  to   space 41472K, 0% used [0x0000000792080000,0x0000000792080000,0x0000000794900000)
 ParOldGen       total 137216K, used 72883K [0x00000006c4a00000, 0x00000006cd000000, 0x000000076c380000)
  object space 137216K, 53% used [0x00000006c4a00000,0x00000006c912cd38,0x00000006cd000000)
 Metaspace       used 28504K, capacity 29310K, committed 29696K, reserved 1075200K
  class space    used 3196K, capacity 3457K, committed 3584K, reserved 1048576K

